2025/08/20 15:52:49 [INFO] APPLogging system initialized
2025/08/20 15:52:49 [INFO] APP[HANDLER] Handler initialized component=GENERAL
2025/08/20 15:59:09 [INFO] APPLogging system initialized
2025/08/20 15:59:09 [INFO] APP[HANDLER] Handler initialized component=GENERAL
2025/08/20 16:00:08 [INFO] APPLogging system initialized
2025/08/20 16:00:08 [INFO] APP[HANDLER] Handler initialized component=GENERAL
2025/08/20 16:01:05 [INFO] APP[HANDLER] [HTTP] Request started method=POST path=/api/v1/auth/ remote_addr=[::1]:60324
2025/08/20 16:01:05 [DEBUG] APP[HANDLER] [HTTP] Request details details={"remote_addr":"[::1]:60324","method":"POST","path":"/api/v1/auth/","headers":{"Accept":["*/*"],"Accept-Encoding":["gzip, deflate"],"Accept-Language":["ru-RU,en,*"],"Cache-Control":["no-cache"],"Connection":["Keep-Alive"],"Content-Length":["120"],"Content-Type":["application/x-www-form-urlencoded"],"Postman-Token":["ce8aa636-da19-4889-9129-47d73bf5099a"],"User-Agent":["Mozilla/5.0"]}}
2025/08/20 16:01:52 [INFO] APP[HANDLER] Incoming client auth request body={
    
}
2025/08/20 16:01:52 [ERROR] APP[HANDLER] Error decoding request error=Key: 'ClientLoginRequest.AuthType' Error:Field validation for 'AuthType' failed on the 'required' tag
2025/08/20 16:01:52 [INFO] APP[HANDLER] [HTTP] Request completed status=400 latency=46.97171s client_ip=::1
2025/08/20 16:02:07 [INFO] APP[HANDLER] [HTTP] Request started method=POST path=/api/v1/auth/ remote_addr=[::1]:60375
2025/08/20 16:02:07 [DEBUG] APP[HANDLER] [HTTP] Request details details={"remote_addr":"[::1]:60375","method":"POST","path":"/api/v1/auth/","headers":{"Accept":["*/*"],"Accept-Encoding":["gzip, deflate"],"Accept-Language":["ru-RU,en,*"],"Cache-Control":["no-cache"],"Connection":["Keep-Alive"],"Content-Length":["120"],"Content-Type":["application/x-www-form-urlencoded"],"Postman-Token":["0989a7d0-40fe-4869-b780-85bf55fc1440"],"User-Agent":["Mozilla/5.0"]}}
2025/08/20 16:02:27 [INFO] APPLogging system initialized
2025/08/20 16:02:27 [INFO] APP[HANDLER] Handler initialized component=GENERAL
2025/08/20 16:02:33 [INFO] APP[HANDLER] [HTTP] Request started method=POST path=/api/v1/auth/ remote_addr=[::1]:60397
2025/08/20 16:02:33 [DEBUG] APP[HANDLER] [HTTP] Request details details={"remote_addr":"[::1]:60397","method":"POST","path":"/api/v1/auth/","headers":{"Accept":["*/*"],"Accept-Encoding":["gzip, deflate"],"Accept-Language":["ru-RU,en,*"],"Cache-Control":["no-cache"],"Connection":["Keep-Alive"],"Content-Length":["120"],"Content-Type":["application/x-www-form-urlencoded"],"Postman-Token":["1a2efe2b-a824-4516-85c5-5ccd1639ac6d"],"User-Agent":["Mozilla/5.0"]}}
2025/08/20 16:03:43 [INFO] APPLogging system initialized
2025/08/20 16:03:43 [INFO] APP[HANDLER] Handler initialized component=GENERAL
2025/08/20 16:04:13 [INFO] APP[HANDLER] [HTTP] Request started method=POST path=/api/v1/auth/ remote_addr=[::1]:60437
2025/08/20 16:04:13 [DEBUG] APP[HANDLER] [HTTP] Request details details={"remote_addr":"[::1]:60437","method":"POST","path":"/api/v1/auth/","headers":{"Accept":["*/*"],"Accept-Encoding":["gzip, deflate"],"Accept-Language":["ru-RU,en,*"],"Cache-Control":["no-cache"],"Connection":["Keep-Alive"],"Content-Length":["120"],"Content-Type":["application/x-www-form-urlencoded"],"Postman-Token":["0dbe9b9c-d8d4-48ee-bfc0-0c4b4e85cad4"],"User-Agent":["Mozilla/5.0"]}}
2025/08/20 16:04:18 [ERROR] APP[HANDLER] Error decoding request error=invalid character 'a' looking for beginning of object key string
2025/08/20 16:04:36 [INFO] APP[HANDLER] [HTTP] Request completed status=400 latency=22.8367795s client_ip=::1
2025/08/20 16:05:22 [INFO] APP[HANDLER] [HTTP] Request started method=POST path=/api/v1/auth/ remote_addr=[::1]:60455
2025/08/20 16:05:22 [DEBUG] APP[HANDLER] [HTTP] Request details details={"remote_addr":"[::1]:60455","method":"POST","path":"/api/v1/auth/","headers":{"Accept":["*/*"],"Accept-Encoding":["gzip, deflate"],"Accept-Language":["ru-RU,en,*"],"Cache-Control":["no-cache"],"Connection":["Keep-Alive"],"Content-Length":["120"],"Content-Type":["application/x-www-form-urlencoded"],"Postman-Token":["081bb062-ef03-496b-a341-09a229b43f04"],"User-Agent":["Mozilla/5.0"]}}
2025/08/20 16:05:25 [INFO] APP[HANDLER] Auth attempt authType=anonymous username=
2025/08/20 16:05:27 [INFO] APP[HANDLER] [HTTP] Request completed status=200 latency=4.6930004s client_ip=::1
2025/08/20 16:06:09 [INFO] APP[HANDLER] [HTTP] Request started method=POST path=/api/v1/auth/ remote_addr=[::1]:60472
2025/08/20 16:06:09 [DEBUG] APP[HANDLER] [HTTP] Request details details={"remote_addr":"[::1]:60472","method":"POST","path":"/api/v1/auth/","headers":{"Accept":["*/*"],"Accept-Encoding":["gzip, deflate"],"Accept-Language":["ru-RU,en,*"],"Cache-Control":["no-cache"],"Connection":["Keep-Alive"],"Content-Length":["120"],"Content-Type":["application/x-www-form-urlencoded"],"Postman-Token":["efa8da02-546b-41dd-b017-34ab5bccbc26"],"User-Agent":["Mozilla/5.0"]}}
2025/08/20 16:06:11 [INFO] APP[HANDLER] Auth attempt authType=anonymous username=
2025/08/20 16:06:16 [INFO] APP[HANDLER] [HTTP] Request completed status=200 latency=6.7933577s client_ip=::1
2025/08/20 16:06:38 [INFO] APPLogging system initialized
2025/08/20 16:06:38 [INFO] APP[HANDLER] Handler initialized component=GENERAL
2025/08/20 16:06:40 [INFO] APP[HANDLER] [HTTP] Request started method=POST path=/api/v1/auth/ remote_addr=[::1]:60482
2025/08/20 16:06:40 [DEBUG] APP[HANDLER] [HTTP] Request details details={"remote_addr":"[::1]:60482","method":"POST","path":"/api/v1/auth/","headers":{"Accept":["*/*"],"Accept-Encoding":["gzip, deflate"],"Accept-Language":["ru-RU,en,*"],"Cache-Control":["no-cache"],"Connection":["Keep-Alive"],"Content-Length":["120"],"Content-Type":["application/x-www-form-urlencoded"],"Postman-Token":["4cb5da8c-f136-47af-86c7-ca50eb0f04d2"],"User-Agent":["Mozilla/5.0"]}}
2025/08/20 16:06:40 [INFO] APP[HANDLER] Auth attempt authType=anonymous username=
2025/08/20 16:06:40 [INFO] APP[HANDLER] [HTTP] Request completed status=200 latency=567.1µs client_ip=::1
2025/08/20 16:07:20 [INFO] APPLogging system initialized
2025/08/20 16:07:20 [INFO] APP[HANDLER] Handler initialized component=GENERAL
2025/08/20 16:07:28 [INFO] APP[HANDLER] [HTTP] Request started method=POST path=/api/v1/auth/ remote_addr=[::1]:60491
2025/08/20 16:07:28 [DEBUG] APP[HANDLER] [HTTP] Request details details={"remote_addr":"[::1]:60491","method":"POST","path":"/api/v1/auth/","headers":{"Accept":["*/*"],"Accept-Encoding":["gzip, deflate"],"Accept-Language":["ru-RU,en,*"],"Cache-Control":["no-cache"],"Connection":["Keep-Alive"],"Content-Length":["120"],"Content-Type":["application/x-www-form-urlencoded"],"Postman-Token":["c359ac55-711d-47fa-97c4-eaea86af9cdf"],"User-Agent":["Mozilla/5.0"]}}
2025/08/20 16:07:28 [INFO] APP[HANDLER] Auth attempt authType=anonymous username=
2025/08/20 16:07:28 [INFO] APP[HANDLER] [HTTP] Request completed status=200 latency=963.5µs client_ip=::1
2025/08/20 16:09:21 [INFO] APPLogging system initialized
2025/08/20 16:09:22 [INFO] APP[HANDLER] Handler initialized component=GENERAL
2025/08/20 16:09:25 [INFO] APP[HANDLER] [HTTP] Request started method=GET path=/api/v1/auth/ remote_addr=[::1]:60514
2025/08/20 16:09:25 [DEBUG] APP[HANDLER] [HTTP] Request details details={"remote_addr":"[::1]:60514","method":"GET","path":"/api/v1/auth/","headers":{"Accept":["text/html,application/xhtml+xml,application/xml;q=0.9,image/avif,image/webp,image/apng,*/*;q=0.8,application/signed-exchange;v=b3;q=0.7"],"Accept-Encoding":["gzip, deflate, br, zstd"],"Accept-Language":["en-US,en;q=0.9,ru;q=0.8,cs;q=0.7,de;q=0.6,nl;q=0.5,it;q=0.4"],"Connection":["keep-alive"],"Sec-Ch-Ua":["\"Opera\";v=\"120\", \"Not-A.Brand\";v=\"8\", \"Chromium\";v=\"135\""],"Sec-Ch-Ua-Mobile":["?0"],"Sec-Ch-Ua-Platform":["\"Windows\""],"Sec-Fetch-Dest":["document"],"Sec-Fetch-Mode":["navigate"],"Sec-Fetch-Site":["none"],"Sec-Fetch-User":["?1"],"Upgrade-Insecure-Requests":["1"],"User-Agent":["Mozilla/5.0 (Windows NT 10.0; Win64; x64) AppleWebKit/537.36 (KHTML, like Gecko) Chrome/135.0.0.0 Safari/537.36 OPR/120.0.0.0 (Edition Yx 05)"]}}
2025/08/20 16:09:25 [INFO] APP[HANDLER] [HTTP] Request completed status=404 latency=0s client_ip=::1
2025/08/20 16:09:26 [INFO] APP[HANDLER] [HTTP] Request started method=GET path=/favicon.ico remote_addr=[::1]:60514
2025/08/20 16:09:26 [DEBUG] APP[HANDLER] [HTTP] Request details details={"remote_addr":"[::1]:60514","method":"GET","path":"/favicon.ico","headers":{"Accept":["image/avif,image/webp,image/apng,image/svg+xml,image/*,*/*;q=0.8"],"Accept-Encoding":["gzip, deflate, br, zstd"],"Accept-Language":["en-US,en;q=0.9,ru;q=0.8,cs;q=0.7,de;q=0.6,nl;q=0.5,it;q=0.4"],"Connection":["keep-alive"],"Referer":["http://localhost:8080/api/v1/auth/"],"Sec-Ch-Ua":["\"Opera\";v=\"120\", \"Not-A.Brand\";v=\"8\", \"Chromium\";v=\"135\""],"Sec-Ch-Ua-Mobile":["?0"],"Sec-Ch-Ua-Platform":["\"Windows\""],"Sec-Fetch-Dest":["image"],"Sec-Fetch-Mode":["no-cors"],"Sec-Fetch-Site":["same-origin"],"User-Agent":["Mozilla/5.0 (Windows NT 10.0; Win64; x64) AppleWebKit/537.36 (KHTML, like Gecko) Chrome/135.0.0.0 Safari/537.36 OPR/120.0.0.0 (Edition Yx 05)"]}}
2025/08/20 16:09:26 [INFO] APP[HANDLER] [HTTP] Request completed status=404 latency=0s client_ip=::1
2025/08/20 16:10:00 [INFO] APP[HANDLER] [HTTP] Request started method=GET path=/api/v1/auth/ remote_addr=[::1]:60514
2025/08/20 16:10:00 [DEBUG] APP[HANDLER] [HTTP] Request details details={"remote_addr":"[::1]:60514","method":"GET","path":"/api/v1/auth/","headers":{"Accept":["text/html,application/xhtml+xml,application/xml;q=0.9,image/avif,image/webp,image/apng,*/*;q=0.8,application/signed-exchange;v=b3;q=0.7"],"Accept-Encoding":["gzip, deflate, br, zstd"],"Accept-Language":["en-US,en;q=0.9,ru;q=0.8,cs;q=0.7,de;q=0.6,nl;q=0.5,it;q=0.4"],"Connection":["keep-alive"],"Sec-Ch-Ua":["\"Opera\";v=\"120\", \"Not-A.Brand\";v=\"8\", \"Chromium\";v=\"135\""],"Sec-Ch-Ua-Mobile":["?0"],"Sec-Ch-Ua-Platform":["\"Windows\""],"Sec-Fetch-Dest":["document"],"Sec-Fetch-Mode":["navigate"],"Sec-Fetch-Site":["none"],"Sec-Fetch-User":["?1"],"Upgrade-Insecure-Requests":["1"],"User-Agent":["Mozilla/5.0 (Windows NT 10.0; Win64; x64) AppleWebKit/537.36 (KHTML, like Gecko) Chrome/135.0.0.0 Safari/537.36 OPR/120.0.0.0 (Edition Yx 05)"]}}
2025/08/20 16:10:00 [INFO] APP[HANDLER] [HTTP] Request completed status=404 latency=0s client_ip=::1
2025/08/20 16:12:45 [INFO] APPLogging system initialized
2025/08/20 16:12:46 [INFO] APP[HANDLER] Handler initialized component=GENERAL
2025/08/20 16:13:16 [INFO] APP[HANDLER] [HTTP] Request started method=POST path=/api/v1/auth/ remote_addr=[::1]:60635
2025/08/20 16:13:16 [DEBUG] APP[HANDLER] [HTTP] Request details details={"remote_addr":"[::1]:60635","method":"POST","path":"/api/v1/auth/","headers":{"Accept":["*/*"],"Accept-Encoding":["gzip, deflate"],"Accept-Language":["ru-RU,en,*"],"Cache-Control":["no-cache"],"Connection":["Keep-Alive"],"Content-Length":["120"],"Content-Type":["application/x-www-form-urlencoded"],"Postman-Token":["5c226cb4-0f95-45da-a2f2-7fcb67b24208"],"User-Agent":["Mozilla/5.0"]}}
2025/08/20 16:13:16 [INFO] APP[HANDLER] Auth attempt authType=anonymous username=
2025/08/20 16:13:16 [INFO] APP[HANDLER] [HTTP] Request completed status=200 latency=0s client_ip=::1
2025/08/20 16:14:23 [INFO] APP[HANDLER] [HTTP] Request started method=POST path=/api/v1/auth/ remote_addr=[::1]:60652
2025/08/20 16:14:23 [DEBUG] APP[HANDLER] [HTTP] Request details details={"remote_addr":"[::1]:60652","method":"POST","path":"/api/v1/auth/","headers":{"Accept":["*/*"],"Accept-Encoding":["gzip, deflate"],"Accept-Language":["ru-RU,en,*"],"Cache-Control":["no-cache"],"Connection":["Keep-Alive"],"Content-Length":["120"],"Content-Type":["application/x-www-form-urlencoded"],"Postman-Token":["a5de3fe9-9836-4719-8d4a-0d0fbceef267"],"User-Agent":["Mozilla/5.0"]}}
2025/08/20 16:14:23 [INFO] APP[HANDLER] Auth attempt authType=anonymous username=
2025/08/20 16:14:23 [INFO] APP[HANDLER] [HTTP] Request completed status=200 latency=0s client_ip=::1
2025/08/20 16:15:07 [INFO] APP[HANDLER] [HTTP] Request started method=POST path=/api/v1/auth/ remote_addr=[::1]:60720
2025/08/20 16:15:07 [DEBUG] APP[HANDLER] [HTTP] Request details details={"remote_addr":"[::1]:60720","method":"POST","path":"/api/v1/auth/","headers":{"Accept":["*/*"],"Accept-Encoding":["gzip, deflate"],"Accept-Language":["ru-RU,en,*"],"Cache-Control":["no-cache"],"Connection":["Keep-Alive"],"Content-Length":["120"],"Content-Type":["application/x-www-form-urlencoded"],"Postman-Token":["189ceef3-1265-4c63-ba3d-a2318c35e620"],"User-Agent":["Mozilla/5.0"]}}
2025/08/20 16:15:07 [INFO] APP[HANDLER] Auth attempt authType=anonymous username=
2025/08/20 16:15:07 [INFO] APP[HANDLER] [HTTP] Request completed status=200 latency=0s client_ip=::1
2025/08/20 16:17:12 [INFO] APP[HANDLER] [HTTP] Request started method=POST path=/api/v1/auth/ remote_addr=[::1]:60737
2025/08/20 16:17:12 [DEBUG] APP[HANDLER] [HTTP] Request details details={"remote_addr":"[::1]:60737","method":"POST","path":"/api/v1/auth/","headers":{"Accept":["*/*"],"Accept-Encoding":["gzip, deflate, br"],"Cache-Control":["no-cache"],"Connection":["keep-alive"],"Content-Length":["33"],"Content-Type":["application/json"],"Postman-Token":["fb6a501e-853a-41b4-aa51-622859b60fc2"],"User-Agent":["PostmanRuntime/7.45.0"]}}
2025/08/20 16:17:12 [INFO] APP[HANDLER] Auth attempt authType=anonymous username=
2025/08/20 16:17:12 [INFO] APP[HANDLER] [HTTP] Request completed status=200 latency=0s client_ip=::1
2025/08/20 16:18:17 [INFO] APP[HANDLER] [HTTP] Request started method=POST path=/api/v1/auth/ remote_addr=[::1]:60855
2025/08/20 16:18:17 [DEBUG] APP[HANDLER] [HTTP] Request details details={"remote_addr":"[::1]:60855","method":"POST","path":"/api/v1/auth/","headers":{"Accept":["*/*"],"Accept-Encoding":["gzip, deflate, br"],"Cache-Control":["no-cache"],"Connection":["keep-alive"],"Content-Length":["195"],"Content-Type":["application/json"],"Postman-Token":["18f1d465-e314-48b5-87d2-ef399b7eb0cb"],"User-Agent":["PostmanRuntime/7.45.0"]}}
2025/08/20 16:18:17 [INFO] APP[HANDLER] Auth attempt authType=certificate username=
2025/08/20 16:18:55 [INFO] APPLogging system initialized
2025/08/20 16:18:55 [INFO] APP[HANDLER] Handler initialized component=GENERAL
2025/08/20 16:18:58 [INFO] APP[HANDLER] [HTTP] Request started method=POST path=/api/v1/auth/ remote_addr=[::1]:60881
2025/08/20 16:18:58 [DEBUG] APP[HANDLER] [HTTP] Request details details={"remote_addr":"[::1]:60881","method":"POST","path":"/api/v1/auth/","headers":{"Accept":["*/*"],"Accept-Encoding":["gzip, deflate, br"],"Cache-Control":["no-cache"],"Connection":["keep-alive"],"Content-Length":["195"],"Content-Type":["application/json"],"Postman-Token":["2d0ce04e-27ae-416b-93e8-4ef8184008ab"],"User-Agent":["PostmanRuntime/7.45.0"]}}
2025/08/20 16:18:58 [INFO] APP[HANDLER] Auth attempt authType=certificate username=
2025/08/20 16:20:47 [INFO] APPLogging system initialized
2025/08/20 16:20:48 [INFO] APP[HANDLER] Handler initialized component=GENERAL
2025/08/20 16:20:58 [INFO] APP[HANDLER] [HTTP] Request started method=POST path=/api/v1/auth/ remote_addr=[::1]:60949
2025/08/20 16:20:58 [DEBUG] APP[HANDLER] [HTTP] Request details details={"remote_addr":"[::1]:60949","method":"POST","path":"/api/v1/auth/","headers":{"Accept":["*/*"],"Accept-Encoding":["gzip, deflate, br"],"Cache-Control":["no-cache"],"Connection":["keep-alive"],"Content-Length":["195"],"Content-Type":["application/json"],"Postman-Token":["b1e93a99-4dc3-461a-8cd7-286c35f441e1"],"User-Agent":["PostmanRuntime/7.45.0"]}}
2025/08/20 16:20:58 [INFO] APP[HANDLER] Auth attempt authType=certificate username=
2025/08/20 16:20:59 [INFO] APP[HANDLER] [HTTP] Request completed status=200 latency=777.1006ms client_ip=::1
2025/08/20 16:21:45 [INFO] APP[HANDLER] [HTTP] Request started method=POST path=/api/v1/auth/ remote_addr=[::1]:60949
2025/08/20 16:21:45 [DEBUG] APP[HANDLER] [HTTP] Request details details={"remote_addr":"[::1]:60949","method":"POST","path":"/api/v1/auth/","headers":{"Accept":["*/*"],"Accept-Encoding":["gzip, deflate, br"],"Cache-Control":["no-cache"],"Connection":["keep-alive"],"Content-Length":["195"],"Content-Type":["application/json"],"Postman-Token":["6918fe70-38de-4b7f-97a8-3267a43067c9"],"User-Agent":["PostmanRuntime/7.45.0"]}}
2025/08/20 16:21:45 [INFO] APP[HANDLER] Auth attempt authType=certificate username=
2025/08/20 16:21:45 [INFO] APP[HANDLER] [HTTP] Request completed status=200 latency=333.4541ms client_ip=::1
2025/08/20 16:28:36 [INFO] APP[HANDLER] [HTTP] Request started method=POST path=/api/v1/auth/ remote_addr=[::1]:61209
2025/08/20 16:28:36 [DEBUG] APP[HANDLER] [HTTP] Request details details={"remote_addr":"[::1]:61209","method":"POST","path":"/api/v1/auth/","headers":{"Accept":["*/*"],"Accept-Encoding":["gzip, deflate, br"],"Cache-Control":["no-cache"],"Connection":["keep-alive"],"Content-Length":["195"],"Content-Type":["application/json"],"Postman-Token":["1f25ca20-04b8-4995-8c27-29ea7e8f6624"],"User-Agent":["PostmanRuntime/7.45.0"]}}
2025/08/20 16:28:36 [INFO] APP[HANDLER] Auth attempt authType=certificate username=
2025/08/20 16:28:36 [INFO] APP[HANDLER] [HTTP] Request completed status=200 latency=559.3708ms client_ip=::1
2025/08/20 16:35:16 [INFO] APPLogging system initialized
2025/08/20 16:35:16 [INFO] APP[HANDLER] Handler initialized component=GENERAL
2025/08/20 16:35:24 [INFO] APPLogging system initialized
2025/08/20 16:35:24 [INFO] APP[HANDLER] Handler initialized component=GENERAL
2025/08/20 16:35:29 [INFO] APP[HANDLER] [HTTP] Request started method=POST path=/api/v1/auth/ remote_addr=[::1]:61384
2025/08/20 16:35:29 [DEBUG] APP[HANDLER] [HTTP] Request details details={"remote_addr":"[::1]:61384","method":"POST","path":"/api/v1/auth/","headers":{"Accept":["*/*"],"Accept-Encoding":["gzip, deflate, br"],"Cache-Control":["no-cache"],"Connection":["keep-alive"],"Content-Length":["195"],"Content-Type":["application/json"],"Postman-Token":["c6507898-5b4c-4c40-b03d-a12fda903944"],"User-Agent":["PostmanRuntime/7.45.0"]}}
2025/08/20 16:35:29 [INFO] APP[HANDLER] Auth attempt authType=certificate username=
2025/08/20 16:36:18 [INFO] APP[HANDLER] [HTTP] Request completed status=200 latency=48.2076762s client_ip=::1
2025/08/20 16:36:56 [INFO] APPLogging system initialized
2025/08/20 16:36:56 [INFO] APP[HANDLER] Handler initialized component=GENERAL
2025/08/20 16:37:00 [INFO] APP[HANDLER] [HTTP] Request started method=POST path=/api/v1/auth/ remote_addr=[::1]:61415
2025/08/20 16:37:00 [DEBUG] APP[HANDLER] [HTTP] Request details details={"remote_addr":"[::1]:61415","method":"POST","path":"/api/v1/auth/","headers":{"Accept":["*/*"],"Accept-Encoding":["gzip, deflate, br"],"Cache-Control":["no-cache"],"Connection":["keep-alive"],"Content-Length":["195"],"Content-Type":["application/json"],"Postman-Token":["5d1af15f-b8a5-4ac5-8de6-b8e0f59f0f6b"],"User-Agent":["PostmanRuntime/7.45.0"]}}
2025/08/20 16:37:00 [INFO] APP[HANDLER] Auth attempt authType=certificate username=
2025/08/20 16:37:00 [INFO] APP[HANDLER] [HTTP] Request completed status=200 latency=533.7437ms client_ip=::1
2025/08/20 16:37:21 [INFO] APPLogging system initialized
2025/08/20 16:37:21 [INFO] APP[HANDLER] Handler initialized component=GENERAL
2025/08/20 16:37:28 [INFO] APP[HANDLER] [HTTP] Request started method=POST path=/api/v1/auth/ remote_addr=[::1]:61430
2025/08/20 16:37:28 [DEBUG] APP[HANDLER] [HTTP] Request details details={"remote_addr":"[::1]:61430","method":"POST","path":"/api/v1/auth/","headers":{"Accept":["*/*"],"Accept-Encoding":["gzip, deflate, br"],"Cache-Control":["no-cache"],"Connection":["keep-alive"],"Content-Length":["195"],"Content-Type":["application/json"],"Postman-Token":["818617ca-5715-4e75-9967-b7f738feee7b"],"User-Agent":["PostmanRuntime/7.45.0"]}}
2025/08/20 16:37:28 [INFO] APP[HANDLER] Auth attempt authType=certificate username=
2025/08/20 16:37:45 [INFO] APP[HANDLER] [HTTP] Request completed status=200 latency=16.4805001s client_ip=::1
2025/08/20 16:38:17 [INFO] APPLogging system initialized
2025/08/20 16:38:17 [INFO] APP[HANDLER] Handler initialized component=GENERAL
2025/08/20 16:38:22 [INFO] APP[HANDLER] [HTTP] Request started method=POST path=/api/v1/auth/ remote_addr=[::1]:61448
2025/08/20 16:38:22 [DEBUG] APP[HANDLER] [HTTP] Request details details={"remote_addr":"[::1]:61448","method":"POST","path":"/api/v1/auth/","headers":{"Accept":["*/*"],"Accept-Encoding":["gzip, deflate, br"],"Cache-Control":["no-cache"],"Connection":["keep-alive"],"Content-Length":["195"],"Content-Type":["application/json"],"Postman-Token":["b6fe9296-0145-4bc1-b5df-46e440202a99"],"User-Agent":["PostmanRuntime/7.45.0"]}}
2025/08/20 16:38:22 [INFO] APP[HANDLER] Auth attempt authType=certificate username=
2025/08/20 16:38:23 [INFO] APP[HANDLER] [HTTP] Request completed status=200 latency=624.1494ms client_ip=::1
2025/08/20 16:50:29 [INFO] APP[HANDLER] [HTTP] Request started method=POST path=/api/v1/auth/ remote_addr=[::1]:61673
2025/08/20 16:50:29 [DEBUG] APP[HANDLER] [HTTP] Request details details={"remote_addr":"[::1]:61673","method":"POST","path":"/api/v1/auth/","headers":{"Accept":["*/*"],"Accept-Encoding":["gzip, deflate, br"],"Cache-Control":["no-cache"],"Connection":["keep-alive"],"Content-Length":["195"],"Content-Type":["application/json"],"Postman-Token":["292b0b2d-0f6f-4ecd-9996-81bcdec21494"],"User-Agent":["PostmanRuntime/7.45.0"]}}
2025/08/20 16:50:29 [INFO] APP[HANDLER] Auth attempt authType=certificate username=
2025/08/20 16:50:30 [INFO] APP[HANDLER] [HTTP] Request completed status=200 latency=586.1646ms client_ip=::1
