2025/08/29 12:54:23 [INFO] APPLogging system initialized
2025/08/29 12:54:23 [INFO] APP[HANDLER] Handler initialized component=GENERAL
2025/08/29 12:54:29 [INFO] APP[HANDLER] [HTTP] Request started method=POST path=/api/v1/connect/ remote_addr=[::1]:50690
2025/08/29 12:54:29 [DEBUG] APP[HANDLER] [HTTP] Request details details={"remote_addr":"[::1]:50690","method":"POST","path":"/api/v1/connect/","headers":{"Accept":["*/*"],"Accept-Encoding":["gzip, deflate, br"],"Cache-Control":["no-cache"],"Connection":["keep-alive"],"Content-Length":["398"],"Content-Type":["application/json"],"Postman-Token":["35cab2fc-5b92-45b5-9a4b-040dcd0758e2"],"Referer":["http://localhost:8080/api/v1/connect"],"User-Agent":["PostmanRuntime/7.45.0"]}}
2025/08/29 12:54:29 [ERROR] APP[HANDLER] Connection failed error=failed to create connection (code: 500): internal server error (code: 500): repo.CncMachine.GetCncMachineByEndpointURL (code: 500): repo.CncMachine.GetCncMachineByEndpointURL: not found
2025/08/29 12:54:29 [INFO] APP[HANDLER] [HTTP] Request completed status=500 latency=1.8922ms client_ip=::1
2025/08/29 12:55:16 [INFO] APP[HANDLER] [HTTP] Request started method=POST path=/api/v1/connect/ remote_addr=[::1]:50690
2025/08/29 12:55:16 [DEBUG] APP[HANDLER] [HTTP] Request details details={"remote_addr":"[::1]:50690","method":"POST","path":"/api/v1/connect/","headers":{"Accept":["*/*"],"Accept-Encoding":["gzip, deflate, br"],"Cache-Control":["no-cache"],"Connection":["keep-alive"],"Content-Length":["398"],"Content-Type":["application/json"],"Postman-Token":["71fbb9b0-84f2-418f-8770-4f640197c627"],"Referer":["http://localhost:8080/api/v1/connect"],"User-Agent":["PostmanRuntime/7.45.0"]}}
2025/08/29 12:55:16 [ERROR] APP[HANDLER] Connection failed error=failed to create connection (code: 500): internal server error (code: 500): repo.CncMachine.GetCncMachineByEndpointURL (code: 500): repo.CncMachine.GetCncMachineByEndpointURL: not found
2025/08/29 12:55:16 [INFO] APP[HANDLER] [HTTP] Request completed status=500 latency=603.2µs client_ip=::1
2025/08/29 12:59:19 [INFO] APPLogging system initialized
2025/08/29 12:59:19 [INFO] APP[HANDLER] Handler initialized component=GENERAL
2025/08/29 12:59:24 [INFO] APP[HANDLER] [HTTP] Request started method=POST path=/api/v1/connect/ remote_addr=[::1]:50797
2025/08/29 12:59:24 [DEBUG] APP[HANDLER] [HTTP] Request details details={"remote_addr":"[::1]:50797","method":"POST","path":"/api/v1/connect/","headers":{"Accept":["*/*"],"Accept-Encoding":["gzip, deflate, br"],"Cache-Control":["no-cache"],"Connection":["keep-alive"],"Content-Length":["398"],"Content-Type":["application/json"],"Postman-Token":["e94da697-c2ba-410f-9cbf-15f2c533d877"],"Referer":["http://localhost:8080/api/v1/connect"],"User-Agent":["PostmanRuntime/7.45.0"]}}
2025/08/29 12:59:43 [ERROR] APP[HANDLER] Connection failed error=failed to create connection (code: 500): internal server error (code: 500): repo.CncMachine.GetCncMachineByEndpointURL (code: 500): repo.CncMachine.GetCncMachineByEndpointURL: not found
2025/08/29 12:59:43 [INFO] APP[HANDLER] [HTTP] Request completed status=500 latency=18.3223276s client_ip=::1
2025/08/29 12:59:55 [INFO] APP[HANDLER] [HTTP] Request started method=POST path=/api/v1/connect/ remote_addr=[::1]:50797
2025/08/29 12:59:55 [DEBUG] APP[HANDLER] [HTTP] Request details details={"remote_addr":"[::1]:50797","method":"POST","path":"/api/v1/connect/","headers":{"Accept":["*/*"],"Accept-Encoding":["gzip, deflate, br"],"Cache-Control":["no-cache"],"Connection":["keep-alive"],"Content-Length":["398"],"Content-Type":["application/json"],"Postman-Token":["5b1acfcb-7510-43ab-bb36-d31cd9eab5a6"],"Referer":["http://localhost:8080/api/v1/connect"],"User-Agent":["PostmanRuntime/7.45.0"]}}
2025/08/29 13:01:08 [ERROR] APP[HANDLER] Connection failed error=failed to create connection (code: 500): internal server error (code: 500): repo.CncMachine.GetCncMachineByEndpointURL (code: 500): repo.CncMachine.GetCncMachineByEndpointURL: not found
2025/08/29 13:01:08 [INFO] APP[HANDLER] [HTTP] Request completed status=500 latency=1m13.6445727s client_ip=::1
2025/08/29 13:04:36 [INFO] APPLogging system initialized
2025/08/29 13:04:36 [INFO] APP[HANDLER] Handler initialized component=GENERAL
2025/08/29 13:04:40 [INFO] APP[HANDLER] [HTTP] Request started method=POST path=/api/v1/connect/ remote_addr=[::1]:50999
2025/08/29 13:04:40 [DEBUG] APP[HANDLER] [HTTP] Request details details={"remote_addr":"[::1]:50999","method":"POST","path":"/api/v1/connect/","headers":{"Accept":["*/*"],"Accept-Encoding":["gzip, deflate, br"],"Cache-Control":["no-cache"],"Connection":["keep-alive"],"Content-Length":["398"],"Content-Type":["application/json"],"Postman-Token":["4c4d8658-afa6-4ead-b9c4-c829c092549d"],"Referer":["http://localhost:8080/api/v1/connect"],"User-Agent":["PostmanRuntime/7.45.0"]}}
2025/08/29 13:05:29 [ERROR] APP[HANDLER] Connection failed error=failed to create connection (code: 500): internal server error (code: 500): repo.CncMachine.GetCncMachineByEndpointURL (code: 500): repo.CncMachine.GetCncMachineByEndpointURL: not found
2025/08/29 13:05:29 [INFO] APP[HANDLER] [HTTP] Request completed status=500 latency=48.4891547s client_ip=::1
2025/08/29 13:05:35 [INFO] APPLogging system initialized
2025/08/29 13:05:35 [INFO] APP[HANDLER] Handler initialized component=GENERAL
2025/08/29 13:05:37 [INFO] APP[HANDLER] [HTTP] Request started method=POST path=/api/v1/connect/ remote_addr=[::1]:51029
2025/08/29 13:05:37 [DEBUG] APP[HANDLER] [HTTP] Request details details={"remote_addr":"[::1]:51029","method":"POST","path":"/api/v1/connect/","headers":{"Accept":["*/*"],"Accept-Encoding":["gzip, deflate, br"],"Cache-Control":["no-cache"],"Connection":["keep-alive"],"Content-Length":["398"],"Content-Type":["application/json"],"Postman-Token":["0c4e4ae9-4488-4f9b-bd6d-73bac3bddbcd"],"Referer":["http://localhost:8080/api/v1/connect"],"User-Agent":["PostmanRuntime/7.45.0"]}}
2025/08/29 13:05:37 [ERROR] APP[HANDLER] Connection failed error=failed to create connection (code: 500): internal server error (code: 500): repo.CncMachine.GetCncMachineByEndpointURL (code: 500): not found
2025/08/29 13:05:37 [INFO] APP[HANDLER] [HTTP] Request completed status=500 latency=2.1465ms client_ip=::1
2025/08/29 13:20:30 [INFO] APPLogging system initialized
2025/08/29 13:20:30 [INFO] APP[HANDLER] Handler initialized component=GENERAL
2025/08/29 13:20:32 [INFO] APP[HANDLER] [HTTP] Request started method=POST path=/api/v1/connect/ remote_addr=[::1]:51283
2025/08/29 13:20:32 [DEBUG] APP[HANDLER] [HTTP] Request details details={"remote_addr":"[::1]:51283","method":"POST","path":"/api/v1/connect/","headers":{"Accept":["*/*"],"Accept-Encoding":["gzip, deflate, br"],"Cache-Control":["no-cache"],"Connection":["keep-alive"],"Content-Length":["398"],"Content-Type":["application/json"],"Postman-Token":["adf21a4e-3169-4e42-9a7c-1705dbe81c75"],"Referer":["http://localhost:8080/api/v1/connect"],"User-Agent":["PostmanRuntime/7.45.0"]}}
2025/08/29 13:22:26 [ERROR] APP[HANDLER] Connection failed error=failed to create connection (code: 500): internal server error (code: 500): repo.CncMachine.GetCncMachineByEndpointURL (code: 500): not found
2025/08/29 13:22:26 [INFO] APP[HANDLER] [HTTP] Request completed status=500 latency=1m53.4183467s client_ip=::1
2025/08/29 13:22:54 [INFO] APPLogging system initialized
2025/08/29 13:22:55 [INFO] APP[HANDLER] Handler initialized component=GENERAL
2025/08/29 13:22:59 [INFO] APP[HANDLER] [HTTP] Request started method=POST path=/api/v1/connect/ remote_addr=[::1]:51331
2025/08/29 13:22:59 [DEBUG] APP[HANDLER] [HTTP] Request details details={"remote_addr":"[::1]:51331","method":"POST","path":"/api/v1/connect/","headers":{"Accept":["*/*"],"Accept-Encoding":["gzip, deflate, br"],"Cache-Control":["no-cache"],"Connection":["keep-alive"],"Content-Length":["398"],"Content-Type":["application/json"],"Postman-Token":["b8da1e67-a873-4c4a-b3dc-10cc902e4a77"],"Referer":["http://localhost:8080/api/v1/connect"],"User-Agent":["PostmanRuntime/7.45.0"]}}
2025/08/29 13:22:59 [ERROR] APP[HANDLER] Connection failed error=failed to create connection (code: 500): internal server error (code: 500): repo.CncMachine.GetCncMachineByEndpointURL (code: 500): not found
2025/08/29 13:22:59 [INFO] APP[HANDLER] [HTTP] Request completed status=500 latency=1.8086ms client_ip=::1
2025/08/29 13:23:42 [INFO] APPLogging system initialized
2025/08/29 13:23:42 [INFO] APP[HANDLER] Handler initialized component=GENERAL
2025/08/29 13:23:48 [INFO] APP[HANDLER] [HTTP] Request started method=POST path=/api/v1/connect/ remote_addr=[::1]:51348
2025/08/29 13:23:48 [DEBUG] APP[HANDLER] [HTTP] Request details details={"remote_addr":"[::1]:51348","method":"POST","path":"/api/v1/connect/","headers":{"Accept":["*/*"],"Accept-Encoding":["gzip, deflate, br"],"Cache-Control":["no-cache"],"Connection":["keep-alive"],"Content-Length":["398"],"Content-Type":["application/json"],"Postman-Token":["9e35a0dd-3fbc-42b7-ac1c-d2fbe985d76d"],"Referer":["http://localhost:8080/api/v1/connect"],"User-Agent":["PostmanRuntime/7.45.0"]}}
2025/08/29 13:25:07 [ERROR] APP[HANDLER] Connection failed error=failed to create connection (code: 500): internal server error (code: 500): repo.CncMachine.GetCncMachineByEndpointURL (code: 500): not found
2025/08/29 13:25:07 [INFO] APP[HANDLER] [HTTP] Request completed status=500 latency=1m19.9130189s client_ip=::1
2025/08/29 13:28:55 [INFO] APPLogging system initialized
2025/08/29 13:28:56 [INFO] APP[HANDLER] Handler initialized component=GENERAL
2025/08/29 13:29:07 [INFO] APP[HANDLER] [HTTP] Request started method=POST path=/api/v1/connect/ remote_addr=[::1]:51430
2025/08/29 13:29:07 [DEBUG] APP[HANDLER] [HTTP] Request details details={"remote_addr":"[::1]:51430","method":"POST","path":"/api/v1/connect/","headers":{"Accept":["*/*"],"Accept-Encoding":["gzip, deflate, br"],"Cache-Control":["no-cache"],"Connection":["keep-alive"],"Content-Length":["398"],"Content-Type":["application/json"],"Postman-Token":["3270cc53-c298-43a7-a304-4f51b10da1bc"],"Referer":["http://localhost:8080/api/v1/connect"],"User-Agent":["PostmanRuntime/7.45.0"]}}
2025/08/29 13:29:07 [ERROR] APP[HANDLER] Connection failed error=failed to create connection (code: 500): internal server error (code: 500): repo.CncMachine.GetCncMachineByEndpointURL (code: 500): not found
2025/08/29 13:29:07 [INFO] APP[HANDLER] [HTTP] Request completed status=500 latency=1.0569ms client_ip=::1
2025/08/29 13:31:35 [INFO] APPLogging system initialized
2025/08/29 13:31:35 [INFO] APP[HANDLER] Handler initialized component=GENERAL
2025/08/29 13:31:38 [INFO] APP[HANDLER] [HTTP] Request started method=POST path=/api/v1/connect/ remote_addr=[::1]:51475
2025/08/29 13:31:38 [DEBUG] APP[HANDLER] [HTTP] Request details details={"remote_addr":"[::1]:51475","method":"POST","path":"/api/v1/connect/","headers":{"Accept":["*/*"],"Accept-Encoding":["gzip, deflate, br"],"Cache-Control":["no-cache"],"Connection":["keep-alive"],"Content-Length":["398"],"Content-Type":["application/json"],"Postman-Token":["997dc07e-cd81-4e90-8a5c-e4e6062472e9"],"Referer":["http://localhost:8080/api/v1/connect"],"User-Agent":["PostmanRuntime/7.45.0"]}}
2025/08/29 13:31:38 [INFO] APP[HANDLER] [HTTP] Request completed status=200 latency=714.5011ms client_ip=::1
2025/08/29 15:01:49 [INFO] APPLogging system initialized
2025/08/29 15:01:50 [INFO] APP[HANDLER] Handler initialized component=GENERAL
2025/08/29 15:02:21 [INFO] APP[HANDLER] [HTTP] Request started method=GET path=/favicon.ico remote_addr=[::1]:52922
2025/08/29 15:02:21 [DEBUG] APP[HANDLER] [HTTP] Request details details={"remote_addr":"[::1]:52922","method":"GET","path":"/favicon.ico","headers":{"Accept":["image/avif,image/webp,image/apng,image/svg+xml,image/*,*/*;q=0.8"],"Accept-Encoding":["gzip, deflate, br, zstd"],"Accept-Language":["en-US,en;q=0.9,ru;q=0.8,cs;q=0.7,de;q=0.6,nl;q=0.5,it;q=0.4"],"Connection":["keep-alive"],"Referer":["http://localhost:8080/swagger/"],"Sec-Ch-Ua":["\"Opera\";v=\"120\", \"Not-A.Brand\";v=\"8\", \"Chromium\";v=\"135\""],"Sec-Ch-Ua-Mobile":["?0"],"Sec-Ch-Ua-Platform":["\"Windows\""],"Sec-Fetch-Dest":["image"],"Sec-Fetch-Mode":["no-cors"],"Sec-Fetch-Site":["same-origin"],"User-Agent":["Mozilla/5.0 (Windows NT 10.0; Win64; x64) AppleWebKit/537.36 (KHTML, like Gecko) Chrome/135.0.0.0 Safari/537.36 OPR/120.0.0.0 (Edition Yx 05)"]}}
2025/08/29 15:02:21 [INFO] APP[HANDLER] [HTTP] Request completed status=404 latency=0s client_ip=::1
2025/08/29 15:04:58 [INFO] APP[HANDLER] [HTTP] Request started method=GET path=/api/v1/swagger/any/ remote_addr=[::1]:52922
2025/08/29 15:04:58 [DEBUG] APP[HANDLER] [HTTP] Request details details={"remote_addr":"[::1]:52922","method":"GET","path":"/api/v1/swagger/any/","headers":{"Accept":["text/html,application/xhtml+xml,application/xml;q=0.9,image/avif,image/webp,image/apng,*/*;q=0.8,application/signed-exchange;v=b3;q=0.7"],"Accept-Encoding":["gzip, deflate, br, zstd"],"Accept-Language":["en-US,en;q=0.9,ru;q=0.8,cs;q=0.7,de;q=0.6,nl;q=0.5,it;q=0.4"],"Connection":["keep-alive"],"Sec-Ch-Ua":["\"Opera\";v=\"120\", \"Not-A.Brand\";v=\"8\", \"Chromium\";v=\"135\""],"Sec-Ch-Ua-Mobile":["?0"],"Sec-Ch-Ua-Platform":["\"Windows\""],"Sec-Fetch-Dest":["document"],"Sec-Fetch-Mode":["navigate"],"Sec-Fetch-Site":["none"],"Sec-Fetch-User":["?1"],"Upgrade-Insecure-Requests":["1"],"User-Agent":["Mozilla/5.0 (Windows NT 10.0; Win64; x64) AppleWebKit/537.36 (KHTML, like Gecko) Chrome/135.0.0.0 Safari/537.36 OPR/120.0.0.0 (Edition Yx 05)"]}}
2025/08/29 15:04:58 [INFO] APP[HANDLER] [HTTP] Request completed status=404 latency=0s client_ip=::1
2025/08/29 15:05:01 [INFO] APP[HANDLER] [HTTP] Request started method=GET path=/api/v1/swagger/any remote_addr=[::1]:52922
2025/08/29 15:05:01 [DEBUG] APP[HANDLER] [HTTP] Request details details={"remote_addr":"[::1]:52922","method":"GET","path":"/api/v1/swagger/any","headers":{"Accept":["text/html,application/xhtml+xml,application/xml;q=0.9,image/avif,image/webp,image/apng,*/*;q=0.8,application/signed-exchange;v=b3;q=0.7"],"Accept-Encoding":["gzip, deflate, br, zstd"],"Accept-Language":["en-US,en;q=0.9,ru;q=0.8,cs;q=0.7,de;q=0.6,nl;q=0.5,it;q=0.4"],"Connection":["keep-alive"],"Sec-Ch-Ua":["\"Opera\";v=\"120\", \"Not-A.Brand\";v=\"8\", \"Chromium\";v=\"135\""],"Sec-Ch-Ua-Mobile":["?0"],"Sec-Ch-Ua-Platform":["\"Windows\""],"Sec-Fetch-Dest":["document"],"Sec-Fetch-Mode":["navigate"],"Sec-Fetch-Site":["none"],"Sec-Fetch-User":["?1"],"Upgrade-Insecure-Requests":["1"],"User-Agent":["Mozilla/5.0 (Windows NT 10.0; Win64; x64) AppleWebKit/537.36 (KHTML, like Gecko) Chrome/135.0.0.0 Safari/537.36 OPR/120.0.0.0 (Edition Yx 05)"]}}
2025/08/29 15:05:01 [INFO] APP[HANDLER] [HTTP] Request completed status=404 latency=0s client_ip=::1
2025/08/29 15:05:58 [INFO] APP[HANDLER] [HTTP] Request started method=GET path=/api/v1/swagger/any remote_addr=[::1]:52922
2025/08/29 15:05:58 [DEBUG] APP[HANDLER] [HTTP] Request details details={"remote_addr":"[::1]:52922","method":"GET","path":"/api/v1/swagger/any","headers":{"Accept":["text/html,application/xhtml+xml,application/xml;q=0.9,image/avif,image/webp,image/apng,*/*;q=0.8,application/signed-exchange;v=b3;q=0.7"],"Accept-Encoding":["gzip, deflate, br, zstd"],"Accept-Language":["en-US,en;q=0.9,ru;q=0.8,cs;q=0.7,de;q=0.6,nl;q=0.5,it;q=0.4"],"Connection":["keep-alive"],"Sec-Ch-Ua":["\"Opera\";v=\"120\", \"Not-A.Brand\";v=\"8\", \"Chromium\";v=\"135\""],"Sec-Ch-Ua-Mobile":["?0"],"Sec-Ch-Ua-Platform":["\"Windows\""],"Sec-Fetch-Dest":["document"],"Sec-Fetch-Mode":["navigate"],"Sec-Fetch-Site":["none"],"Sec-Fetch-User":["?1"],"Upgrade-Insecure-Requests":["1"],"User-Agent":["Mozilla/5.0 (Windows NT 10.0; Win64; x64) AppleWebKit/537.36 (KHTML, like Gecko) Chrome/135.0.0.0 Safari/537.36 OPR/120.0.0.0 (Edition Yx 05)"]}}
2025/08/29 15:05:58 [INFO] APP[HANDLER] [HTTP] Request completed status=404 latency=0s client_ip=::1
2025/08/29 15:06:10 [INFO] APP[HANDLER] [HTTP] Request started method=GET path=/api/v1/connect/ remote_addr=[::1]:52922
2025/08/29 15:06:10 [DEBUG] APP[HANDLER] [HTTP] Request details details={"remote_addr":"[::1]:52922","method":"GET","path":"/api/v1/connect/","headers":{"Accept":["text/html,application/xhtml+xml,application/xml;q=0.9,image/avif,image/webp,image/apng,*/*;q=0.8,application/signed-exchange;v=b3;q=0.7"],"Accept-Encoding":["gzip, deflate, br, zstd"],"Accept-Language":["en-US,en;q=0.9,ru;q=0.8,cs;q=0.7,de;q=0.6,nl;q=0.5,it;q=0.4"],"Connection":["keep-alive"],"Sec-Ch-Ua":["\"Opera\";v=\"120\", \"Not-A.Brand\";v=\"8\", \"Chromium\";v=\"135\""],"Sec-Ch-Ua-Mobile":["?0"],"Sec-Ch-Ua-Platform":["\"Windows\""],"Sec-Fetch-Dest":["document"],"Sec-Fetch-Mode":["navigate"],"Sec-Fetch-Site":["none"],"Sec-Fetch-User":["?1"],"Upgrade-Insecure-Requests":["1"],"User-Agent":["Mozilla/5.0 (Windows NT 10.0; Win64; x64) AppleWebKit/537.36 (KHTML, like Gecko) Chrome/135.0.0.0 Safari/537.36 OPR/120.0.0.0 (Edition Yx 05)"]}}
2025/08/29 15:06:10 [INFO] APP[HANDLER] [HTTP] Request completed status=200 latency=0s client_ip=::1
2025/08/29 15:06:15 [INFO] APP[HANDLER] [HTTP] Request started method=GET path=/api/v1/swagger/ remote_addr=[::1]:52922
2025/08/29 15:06:15 [DEBUG] APP[HANDLER] [HTTP] Request details details={"remote_addr":"[::1]:52922","method":"GET","path":"/api/v1/swagger/","headers":{"Accept":["text/html,application/xhtml+xml,application/xml;q=0.9,image/avif,image/webp,image/apng,*/*;q=0.8,application/signed-exchange;v=b3;q=0.7"],"Accept-Encoding":["gzip, deflate, br, zstd"],"Accept-Language":["en-US,en;q=0.9,ru;q=0.8,cs;q=0.7,de;q=0.6,nl;q=0.5,it;q=0.4"],"Connection":["keep-alive"],"Sec-Ch-Ua":["\"Opera\";v=\"120\", \"Not-A.Brand\";v=\"8\", \"Chromium\";v=\"135\""],"Sec-Ch-Ua-Mobile":["?0"],"Sec-Ch-Ua-Platform":["\"Windows\""],"Sec-Fetch-Dest":["document"],"Sec-Fetch-Mode":["navigate"],"Sec-Fetch-Site":["none"],"Sec-Fetch-User":["?1"],"Upgrade-Insecure-Requests":["1"],"User-Agent":["Mozilla/5.0 (Windows NT 10.0; Win64; x64) AppleWebKit/537.36 (KHTML, like Gecko) Chrome/135.0.0.0 Safari/537.36 OPR/120.0.0.0 (Edition Yx 05)"]}}
2025/08/29 15:06:15 [INFO] APP[HANDLER] [HTTP] Request completed status=404 latency=0s client_ip=::1
2025/08/29 15:08:02 [INFO] APPLogging system initialized
2025/08/29 15:08:02 [INFO] APP[HANDLER] Handler initialized component=GENERAL
2025/08/29 15:12:01 [INFO] APPLogging system initialized
2025/08/29 15:12:01 [INFO] APP[HANDLER] Handler initialized component=GENERAL
2025/08/29 15:12:10 [INFO] APPLogging system initialized
2025/08/29 15:12:10 [INFO] APP[HANDLER] Handler initialized component=GENERAL
2025/08/29 15:12:32 [INFO] APP[HANDLER] [HTTP] Request started method=GET path=/api/v1/connect/ remote_addr=[::1]:53103
2025/08/29 15:12:32 [DEBUG] APP[HANDLER] [HTTP] Request details details={"remote_addr":"[::1]:53103","method":"GET","path":"/api/v1/connect/","headers":{"Accept":["application/json"],"Accept-Encoding":["gzip, deflate, br, zstd"],"Accept-Language":["en-US,en;q=0.9,ru;q=0.8,cs;q=0.7,de;q=0.6,nl;q=0.5,it;q=0.4"],"Connection":["keep-alive"],"Referer":["http://localhost:8080/swagger/index.html"],"Sec-Ch-Ua":["\"Opera\";v=\"120\", \"Not-A.Brand\";v=\"8\", \"Chromium\";v=\"135\""],"Sec-Ch-Ua-Mobile":["?0"],"Sec-Ch-Ua-Platform":["\"Windows\""],"Sec-Fetch-Dest":["empty"],"Sec-Fetch-Mode":["cors"],"Sec-Fetch-Site":["same-origin"],"User-Agent":["Mozilla/5.0 (Windows NT 10.0; Win64; x64) AppleWebKit/537.36 (KHTML, like Gecko) Chrome/135.0.0.0 Safari/537.36 OPR/120.0.0.0 (Edition Yx 05)"]}}
2025/08/29 15:12:32 [INFO] APP[HANDLER] [HTTP] Request completed status=200 latency=0s client_ip=::1
2025/08/29 15:13:03 [INFO] APP[HANDLER] [HTTP] Request started method=POST path=/api/v1/connect/ remote_addr=[::1]:53103
2025/08/29 15:13:03 [DEBUG] APP[HANDLER] [HTTP] Request details details={"remote_addr":"[::1]:53103","method":"POST","path":"/api/v1/connect/","headers":{"Accept":["application/json"],"Accept-Encoding":["gzip, deflate, br, zstd"],"Accept-Language":["en-US,en;q=0.9,ru;q=0.8,cs;q=0.7,de;q=0.6,nl;q=0.5,it;q=0.4"],"Connection":["keep-alive"],"Content-Length":["327"],"Content-Type":["application/json"],"Origin":["http://localhost:8080"],"Referer":["http://localhost:8080/swagger/index.html"],"Sec-Ch-Ua":["\"Opera\";v=\"120\", \"Not-A.Brand\";v=\"8\", \"Chromium\";v=\"135\""],"Sec-Ch-Ua-Mobile":["?0"],"Sec-Ch-Ua-Platform":["\"Windows\""],"Sec-Fetch-Dest":["empty"],"Sec-Fetch-Mode":["cors"],"Sec-Fetch-Site":["same-origin"],"User-Agent":["Mozilla/5.0 (Windows NT 10.0; Win64; x64) AppleWebKit/537.36 (KHTML, like Gecko) Chrome/135.0.0.0 Safari/537.36 OPR/120.0.0.0 (Edition Yx 05)"]}}
2025/08/29 15:13:03 [INFO] APP[HANDLER] [HTTP] Request completed status=200 latency=585.7µs client_ip=::1
2025/08/29 15:13:47 [INFO] APP[HANDLER] [HTTP] Request started method=POST path=/api/v1/connect/ remote_addr=[::1]:53103
2025/08/29 15:13:47 [DEBUG] APP[HANDLER] [HTTP] Request details details={"remote_addr":"[::1]:53103","method":"POST","path":"/api/v1/connect/","headers":{"Accept":["application/json"],"Accept-Encoding":["gzip, deflate, br, zstd"],"Accept-Language":["en-US,en;q=0.9,ru;q=0.8,cs;q=0.7,de;q=0.6,nl;q=0.5,it;q=0.4"],"Connection":["keep-alive"],"Content-Length":["327"],"Content-Type":["application/json"],"Origin":["http://localhost:8080"],"Referer":["http://localhost:8080/swagger/index.html"],"Sec-Ch-Ua":["\"Opera\";v=\"120\", \"Not-A.Brand\";v=\"8\", \"Chromium\";v=\"135\""],"Sec-Ch-Ua-Mobile":["?0"],"Sec-Ch-Ua-Platform":["\"Windows\""],"Sec-Fetch-Dest":["empty"],"Sec-Fetch-Mode":["cors"],"Sec-Fetch-Site":["same-origin"],"User-Agent":["Mozilla/5.0 (Windows NT 10.0; Win64; x64) AppleWebKit/537.36 (KHTML, like Gecko) Chrome/135.0.0.0 Safari/537.36 OPR/120.0.0.0 (Edition Yx 05)"]}}
2025/08/29 15:13:47 [INFO] APP[HANDLER] [HTTP] Request completed status=200 latency=0s client_ip=::1
2025/08/29 15:14:17 [INFO] APP[HANDLER] [HTTP] Request started method=POST path=/api/v1/connect/ remote_addr=[::1]:53148
2025/08/29 15:14:17 [DEBUG] APP[HANDLER] [HTTP] Request details details={"remote_addr":"[::1]:53148","method":"POST","path":"/api/v1/connect/","headers":{"Accept":["*/*"],"Accept-Encoding":["gzip, deflate, br"],"Cache-Control":["no-cache"],"Connection":["keep-alive"],"Content-Length":["398"],"Content-Type":["application/json"],"Postman-Token":["89fe19fe-406e-4ee3-9dbe-7f5d6bdc5469"],"Referer":["http://localhost:8080/api/v1/connect"],"User-Agent":["PostmanRuntime/7.45.0"]}}
2025/08/29 15:14:17 [INFO] APP[HANDLER] [HTTP] Request completed status=200 latency=651.7562ms client_ip=::1
2025/08/29 15:14:28 [INFO] APP[HANDLER] [HTTP] Request started method=POST path=/api/v1/connect/ remote_addr=[::1]:53103
2025/08/29 15:14:28 [DEBUG] APP[HANDLER] [HTTP] Request details details={"remote_addr":"[::1]:53103","method":"POST","path":"/api/v1/connect/","headers":{"Accept":["application/json"],"Accept-Encoding":["gzip, deflate, br, zstd"],"Accept-Language":["en-US,en;q=0.9,ru;q=0.8,cs;q=0.7,de;q=0.6,nl;q=0.5,it;q=0.4"],"Connection":["keep-alive"],"Content-Length":["327"],"Content-Type":["application/json"],"Origin":["http://localhost:8080"],"Referer":["http://localhost:8080/swagger/index.html"],"Sec-Ch-Ua":["\"Opera\";v=\"120\", \"Not-A.Brand\";v=\"8\", \"Chromium\";v=\"135\""],"Sec-Ch-Ua-Mobile":["?0"],"Sec-Ch-Ua-Platform":["\"Windows\""],"Sec-Fetch-Dest":["empty"],"Sec-Fetch-Mode":["cors"],"Sec-Fetch-Site":["same-origin"],"User-Agent":["Mozilla/5.0 (Windows NT 10.0; Win64; x64) AppleWebKit/537.36 (KHTML, like Gecko) Chrome/135.0.0.0 Safari/537.36 OPR/120.0.0.0 (Edition Yx 05)"]}}
2025/08/29 15:14:28 [INFO] APP[HANDLER] [HTTP] Request completed status=200 latency=0s client_ip=::1
2025/08/29 15:14:41 [INFO] APP[HANDLER] [HTTP] Request started method=POST path=/api/v1/connect/ remote_addr=[::1]:53103
2025/08/29 15:14:41 [DEBUG] APP[HANDLER] [HTTP] Request details details={"remote_addr":"[::1]:53103","method":"POST","path":"/api/v1/connect/","headers":{"Accept":["application/json"],"Accept-Encoding":["gzip, deflate, br, zstd"],"Accept-Language":["en-US,en;q=0.9,ru;q=0.8,cs;q=0.7,de;q=0.6,nl;q=0.5,it;q=0.4"],"Connection":["keep-alive"],"Content-Length":["327"],"Content-Type":["application/json"],"Origin":["http://localhost:8080"],"Referer":["http://localhost:8080/swagger/index.html"],"Sec-Ch-Ua":["\"Opera\";v=\"120\", \"Not-A.Brand\";v=\"8\", \"Chromium\";v=\"135\""],"Sec-Ch-Ua-Mobile":["?0"],"Sec-Ch-Ua-Platform":["\"Windows\""],"Sec-Fetch-Dest":["empty"],"Sec-Fetch-Mode":["cors"],"Sec-Fetch-Site":["same-origin"],"User-Agent":["Mozilla/5.0 (Windows NT 10.0; Win64; x64) AppleWebKit/537.36 (KHTML, like Gecko) Chrome/135.0.0.0 Safari/537.36 OPR/120.0.0.0 (Edition Yx 05)"]}}
2025/08/29 15:14:41 [INFO] APP[HANDLER] [HTTP] Request completed status=200 latency=0s client_ip=::1
2025/08/29 15:43:37 [INFO] APPLogging system initialized
2025/08/29 15:43:38 [INFO] APP[HANDLER] Handler initialized component=GENERAL
2025/08/29 15:43:53 [INFO] APP[HANDLER] [HTTP] Request started method=POST path=/api/v1/connect/ remote_addr=[::1]:55290
2025/08/29 15:43:53 [DEBUG] APP[HANDLER] [HTTP] Request details details={"remote_addr":"[::1]:55290","method":"POST","path":"/api/v1/connect/","headers":{"Accept":["*/*"],"Accept-Encoding":["gzip, deflate, br"],"Cache-Control":["no-cache"],"Connection":["keep-alive"],"Content-Length":["398"],"Content-Type":["application/json"],"Postman-Token":["d6b5f3c4-4c19-495a-a39f-b52c63e8cc0d"],"Referer":["http://localhost:8080/api/v1/connect"],"User-Agent":["PostmanRuntime/7.45.0"]}}
2025/08/29 15:43:53 [INFO] APP[HANDLER] [HTTP] Request completed status=200 latency=961.7602ms client_ip=::1
2025/08/29 15:51:49 [INFO] APPLogging system initialized
2025/08/29 15:51:49 [INFO] APP[HANDLER] Handler initialized component=GENERAL
2025/08/29 15:51:52 [INFO] APP[HANDLER] [HTTP] Request started method=POST path=/api/v1/connect/ remote_addr=[::1]:55544
2025/08/29 15:51:52 [DEBUG] APP[HANDLER] [HTTP] Request details details={"remote_addr":"[::1]:55544","method":"POST","path":"/api/v1/connect/","headers":{"Accept":["*/*"],"Accept-Encoding":["gzip, deflate, br"],"Cache-Control":["no-cache"],"Connection":["keep-alive"],"Content-Length":["398"],"Content-Type":["application/json"],"Postman-Token":["772bf051-91bf-4356-b112-3a2435b79ce1"],"Referer":["http://localhost:8080/api/v1/connect"],"User-Agent":["PostmanRuntime/7.45.0"]}}
2025/08/29 15:51:52 [INFO] APP[HANDLER] [HTTP] Request completed status=200 latency=597.2494ms client_ip=::1
2025/08/29 16:00:15 [INFO] APPLogging system initialized
2025/08/29 16:00:16 [INFO] APP[HANDLER] Handler initialized component=GENERAL
2025/08/29 16:00:19 [INFO] APP[HANDLER] [HTTP] Request started method=POST path=/api/v1/connect/ remote_addr=[::1]:55758
2025/08/29 16:00:19 [DEBUG] APP[HANDLER] [HTTP] Request details details={"remote_addr":"[::1]:55758","method":"POST","path":"/api/v1/connect/","headers":{"Accept":["*/*"],"Accept-Encoding":["gzip, deflate, br"],"Cache-Control":["no-cache"],"Connection":["keep-alive"],"Content-Length":["3488"],"Content-Type":["application/json"],"Postman-Token":["42fb47d6-6c61-49b3-aa9d-dcf1f4be0e72"],"Referer":["http://localhost:8080/api/v1/connect"],"User-Agent":["PostmanRuntime/7.45.0"]}}
2025/08/29 16:00:20 [INFO] APP[HANDLER] [HTTP] Request completed status=200 latency=634.4393ms client_ip=::1
2025/08/29 16:41:59 [INFO] APPLogging system initialized
2025/08/29 16:42:00 [INFO] APP[HANDLER] Handler initialized component=GENERAL
2025/08/29 16:42:03 [INFO] APP[HANDLER] [HTTP] Request started method=POST path=/api/v1/connect/ remote_addr=[::1]:56960
2025/08/29 16:42:03 [DEBUG] APP[HANDLER] [HTTP] Request details details={"remote_addr":"[::1]:56960","method":"POST","path":"/api/v1/connect/","headers":{"Accept":["*/*"],"Accept-Encoding":["gzip, deflate, br"],"Cache-Control":["no-cache"],"Connection":["keep-alive"],"Content-Length":["3488"],"Content-Type":["application/json"],"Postman-Token":["d9c3458c-9ec4-4bc5-aed8-f9f2e3d42ac1"],"Referer":["http://localhost:8080/api/v1/connect"],"User-Agent":["PostmanRuntime/7.45.0"]}}
2025/08/29 16:42:04 [INFO] APP[HANDLER] [HTTP] Request completed status=200 latency=1.0237493s client_ip=::1
2025/08/29 16:52:26 [INFO] APPLogging system initialized
2025/08/29 16:52:26 [INFO] APP[HANDLER] Handler initialized component=GENERAL
2025/08/29 16:52:29 [INFO] APP[HANDLER] [HTTP] Request started method=POST path=/api/v1/connect/ remote_addr=[::1]:57178
2025/08/29 16:52:29 [DEBUG] APP[HANDLER] [HTTP] Request details details={"remote_addr":"[::1]:57178","method":"POST","path":"/api/v1/connect/","headers":{"Accept":["*/*"],"Accept-Encoding":["gzip, deflate, br"],"Cache-Control":["no-cache"],"Connection":["keep-alive"],"Content-Length":["3488"],"Content-Type":["application/json"],"Postman-Token":["c96e8cff-4b27-40b8-b87f-0782b5d1a592"],"Referer":["http://localhost:8080/api/v1/connect"],"User-Agent":["PostmanRuntime/7.45.0"]}}
2025/08/29 16:52:30 [INFO] APP[HANDLER] [HTTP] Request completed status=200 latency=651.7341ms client_ip=::1
2025/08/29 16:52:38 [INFO] APP[HANDLER] [HTTP] Request started method=POST path=/api/v1/connect/ remote_addr=[::1]:57185
2025/08/29 16:52:38 [DEBUG] APP[HANDLER] [HTTP] Request details details={"remote_addr":"[::1]:57185","method":"POST","path":"/api/v1/connect/","headers":{"Accept-Encoding":["gzip"],"Content-Length":["3441"],"Content-Type":["application/json"],"Referer":["http://localhost:8080/api/v1/connect"],"User-Agent":["Go-http-client/1.1"]}}
2025/08/29 16:52:38 [ERROR] APP[HANDLER] Connection failed error=failed to create connection (code: 500): failed to disconnect old machine (code: 500): 
2025/08/29 16:52:38 [INFO] APP[HANDLER] [HTTP] Request completed status=500 latency=12.5993ms client_ip=::1
2025/08/29 16:52:52 [INFO] APP[HANDLER] [HTTP] Request started method=POST path=/api/v1/connect/ remote_addr=[::1]:57191
2025/08/29 16:52:52 [DEBUG] APP[HANDLER] [HTTP] Request details details={"remote_addr":"[::1]:57191","method":"POST","path":"/api/v1/connect/","headers":{"Accept-Encoding":["gzip"],"Content-Length":["3441"],"Content-Type":["application/json"],"Referer":["http://localhost:8080/api/v1/connect"],"User-Agent":["Go-http-client/1.1"]}}
2025/08/29 16:52:53 [INFO] APP[HANDLER] [HTTP] Request completed status=200 latency=562.5006ms client_ip=::1
2025/08/29 16:53:27 [INFO] APP[HANDLER] [HTTP] Request started method=POST path=/api/v1/connect/ remote_addr=[::1]:57205
2025/08/29 16:53:27 [DEBUG] APP[HANDLER] [HTTP] Request details details={"remote_addr":"[::1]:57205","method":"POST","path":"/api/v1/connect/","headers":{"Accept-Encoding":["gzip"],"Content-Length":["3441"],"Content-Type":["application/json"],"Referer":["http://localhost:8080/api/v1/connect"],"User-Agent":["Go-http-client/1.1"]}}
2025/08/29 16:53:27 [ERROR] APP[HANDLER] Connection failed error=failed to create connection (code: 500): failed to disconnect old machine (code: 500): 
2025/08/29 16:53:27 [INFO] APP[HANDLER] [HTTP] Request completed status=500 latency=12.4323ms client_ip=::1
2025/08/29 16:53:40 [INFO] APP[HANDLER] [HTTP] Request started method=POST path=/api/v1/connect/ remote_addr=[::1]:57212
2025/08/29 16:53:40 [DEBUG] APP[HANDLER] [HTTP] Request details details={"remote_addr":"[::1]:57212","method":"POST","path":"/api/v1/connect/","headers":{"Accept-Encoding":["gzip"],"Content-Length":["3441"],"Content-Type":["application/json"],"Referer":["http://localhost:8080/api/v1/connect"],"User-Agent":["Go-http-client/1.1"]}}
2025/08/29 16:53:40 [INFO] APP[HANDLER] [HTTP] Request completed status=200 latency=735.6423ms client_ip=::1
2025/08/29 16:53:58 [INFO] APP[HANDLER] [HTTP] Request started method=POST path=/api/v1/connect/ remote_addr=[::1]:57242
2025/08/29 16:53:58 [DEBUG] APP[HANDLER] [HTTP] Request details details={"remote_addr":"[::1]:57242","method":"POST","path":"/api/v1/connect/","headers":{"Accept":["*/*"],"Accept-Encoding":["gzip, deflate, br"],"Cache-Control":["no-cache"],"Connection":["keep-alive"],"Content-Length":["3488"],"Content-Type":["application/json"],"Postman-Token":["85b45348-6cd3-4fcf-b516-70ed16f7d5a1"],"Referer":["http://localhost:8080/api/v1/connect"],"User-Agent":["PostmanRuntime/7.45.0"]}}
2025/08/29 16:53:58 [ERROR] APP[HANDLER] Connection failed error=failed to create connection (code: 500): failed to disconnect old machine (code: 500): 
2025/08/29 16:53:58 [INFO] APP[HANDLER] [HTTP] Request completed status=500 latency=10.2747ms client_ip=::1
2025/08/29 16:55:23 [INFO] APPLogging system initialized
2025/08/29 16:55:23 [INFO] APP[HANDLER] Handler initialized component=GENERAL
2025/08/29 16:55:25 [INFO] APP[HANDLER] [HTTP] Request started method=POST path=/api/v1/connect/ remote_addr=[::1]:57400
2025/08/29 16:55:25 [DEBUG] APP[HANDLER] [HTTP] Request details details={"remote_addr":"[::1]:57400","method":"POST","path":"/api/v1/connect/","headers":{"Accept":["*/*"],"Accept-Encoding":["gzip, deflate, br"],"Cache-Control":["no-cache"],"Connection":["keep-alive"],"Content-Length":["3488"],"Content-Type":["application/json"],"Postman-Token":["33ae37d3-10d3-4021-af1b-0f49524af26e"],"Referer":["http://localhost:8080/api/v1/connect"],"User-Agent":["PostmanRuntime/7.45.0"]}}
2025/08/29 16:55:25 [INFO] APP[HANDLER] [HTTP] Request completed status=200 latency=631.1563ms client_ip=::1
2025/08/29 16:55:27 [INFO] APP[HANDLER] [HTTP] Request started method=POST path=/api/v1/connect/ remote_addr=[::1]:57400
2025/08/29 16:55:27 [DEBUG] APP[HANDLER] [HTTP] Request details details={"remote_addr":"[::1]:57400","method":"POST","path":"/api/v1/connect/","headers":{"Accept":["*/*"],"Accept-Encoding":["gzip, deflate, br"],"Cache-Control":["no-cache"],"Connection":["keep-alive"],"Content-Length":["3488"],"Content-Type":["application/json"],"Postman-Token":["33a6fa6e-f911-43d2-8188-d9e6d2b9ee2a"],"Referer":["http://localhost:8080/api/v1/connect"],"User-Agent":["PostmanRuntime/7.45.0"]}}
2025/08/29 16:56:20 [INFO] APPLogging system initialized
2025/08/29 16:56:20 [INFO] APP[HANDLER] Handler initialized component=GENERAL
2025/08/29 16:56:21 [INFO] APP[HANDLER] [HTTP] Request started method=POST path=/api/v1/connect/ remote_addr=[::1]:57438
2025/08/29 16:56:21 [DEBUG] APP[HANDLER] [HTTP] Request details details={"remote_addr":"[::1]:57438","method":"POST","path":"/api/v1/connect/","headers":{"Accept":["*/*"],"Accept-Encoding":["gzip, deflate, br"],"Cache-Control":["no-cache"],"Connection":["keep-alive"],"Content-Length":["3488"],"Content-Type":["application/json"],"Postman-Token":["52775d57-5c50-4c72-b0d0-5d441aebec65"],"Referer":["http://localhost:8080/api/v1/connect"],"User-Agent":["PostmanRuntime/7.45.0"]}}
2025/08/29 16:56:22 [INFO] APP[HANDLER] [HTTP] Request completed status=200 latency=879.8485ms client_ip=::1
2025/08/29 16:56:24 [INFO] APP[HANDLER] [HTTP] Request started method=POST path=/api/v1/connect/ remote_addr=[::1]:57438
2025/08/29 16:56:24 [DEBUG] APP[HANDLER] [HTTP] Request details details={"remote_addr":"[::1]:57438","method":"POST","path":"/api/v1/connect/","headers":{"Accept":["*/*"],"Accept-Encoding":["gzip, deflate, br"],"Cache-Control":["no-cache"],"Connection":["keep-alive"],"Content-Length":["3488"],"Content-Type":["application/json"],"Postman-Token":["0b4b8da4-c4ac-41c5-a66d-d181dc63ec36"],"Referer":["http://localhost:8080/api/v1/connect"],"User-Agent":["PostmanRuntime/7.45.0"]}}
2025/08/29 16:56:32 [INFO] APP[HANDLER] [HTTP] Request started method=POST path=/api/v1/connect/ remote_addr=[::1]:57438
2025/08/29 16:56:32 [DEBUG] APP[HANDLER] [HTTP] Request details details={"remote_addr":"[::1]:57438","method":"POST","path":"/api/v1/connect/","headers":{"Accept":["*/*"],"Accept-Encoding":["gzip, deflate, br"],"Cache-Control":["no-cache"],"Connection":["keep-alive"],"Content-Length":["3488"],"Content-Type":["application/json"],"Postman-Token":["9d88832c-c09d-4d9f-a992-f1709d368e47"],"Referer":["http://localhost:8080/api/v1/connect"],"User-Agent":["PostmanRuntime/7.45.0"]}}
2025/08/29 16:56:33 [INFO] APP[HANDLER] [HTTP] Request completed status=200 latency=320.3825ms client_ip=::1
2025/08/29 16:56:36 [INFO] APP[HANDLER] [HTTP] Request started method=POST path=/api/v1/connect/ remote_addr=[::1]:57438
2025/08/29 16:56:36 [DEBUG] APP[HANDLER] [HTTP] Request details details={"remote_addr":"[::1]:57438","method":"POST","path":"/api/v1/connect/","headers":{"Accept":["*/*"],"Accept-Encoding":["gzip, deflate, br"],"Cache-Control":["no-cache"],"Connection":["keep-alive"],"Content-Length":["3488"],"Content-Type":["application/json"],"Postman-Token":["441dcabd-2007-4c26-919d-e1be0b584456"],"Referer":["http://localhost:8080/api/v1/connect"],"User-Agent":["PostmanRuntime/7.45.0"]}}
2025/08/29 16:56:47 [INFO] APP[HANDLER] [HTTP] Request started method=POST path=/api/v1/connect/ remote_addr=[::1]:57438
2025/08/29 16:56:47 [DEBUG] APP[HANDLER] [HTTP] Request details details={"remote_addr":"[::1]:57438","method":"POST","path":"/api/v1/connect/","headers":{"Accept":["*/*"],"Accept-Encoding":["gzip, deflate, br"],"Cache-Control":["no-cache"],"Connection":["keep-alive"],"Content-Length":["3488"],"Content-Type":["application/json"],"Postman-Token":["ff52b2d3-883d-4587-86d9-5494367bc0f8"],"Referer":["http://localhost:8080/api/v1/connect"],"User-Agent":["PostmanRuntime/7.45.0"]}}
2025/08/29 16:56:48 [INFO] APP[HANDLER] [HTTP] Request completed status=200 latency=1.5077759s client_ip=::1
2025/08/29 16:56:52 [INFO] APP[HANDLER] [HTTP] Request started method=POST path=/api/v1/connect/ remote_addr=[::1]:57438
2025/08/29 16:56:52 [DEBUG] APP[HANDLER] [HTTP] Request details details={"remote_addr":"[::1]:57438","method":"POST","path":"/api/v1/connect/","headers":{"Accept":["*/*"],"Accept-Encoding":["gzip, deflate, br"],"Cache-Control":["no-cache"],"Connection":["keep-alive"],"Content-Length":["3488"],"Content-Type":["application/json"],"Postman-Token":["643bf90a-e46c-42ca-99ae-b55d1d2d5c1a"],"Referer":["http://localhost:8080/api/v1/connect"],"User-Agent":["PostmanRuntime/7.45.0"]}}
2025/08/29 16:56:54 [INFO] APP[HANDLER] [HTTP] Request started method=POST path=/api/v1/connect/ remote_addr=[::1]:57438
2025/08/29 16:56:54 [DEBUG] APP[HANDLER] [HTTP] Request details details={"remote_addr":"[::1]:57438","method":"POST","path":"/api/v1/connect/","headers":{"Accept":["*/*"],"Accept-Encoding":["gzip, deflate, br"],"Cache-Control":["no-cache"],"Connection":["keep-alive"],"Content-Length":["3488"],"Content-Type":["application/json"],"Postman-Token":["df42b3c5-1f7b-48cd-9edb-28c59b55f9b1"],"Referer":["http://localhost:8080/api/v1/connect"],"User-Agent":["PostmanRuntime/7.45.0"]}}
2025/08/29 16:56:54 [INFO] APP[HANDLER] [HTTP] Request completed status=200 latency=260.5687ms client_ip=::1
2025/08/29 16:57:10 [INFO] APP[HANDLER] [HTTP] Request started method=POST path=/api/v1/connect/ remote_addr=[::1]:57438
2025/08/29 16:57:10 [DEBUG] APP[HANDLER] [HTTP] Request details details={"remote_addr":"[::1]:57438","method":"POST","path":"/api/v1/connect/","headers":{"Accept":["*/*"],"Accept-Encoding":["gzip, deflate, br"],"Cache-Control":["no-cache"],"Connection":["keep-alive"],"Content-Length":["3488"],"Content-Type":["application/json"],"Postman-Token":["25423101-2153-4ad3-a1cf-2e6bc2fe8b27"],"Referer":["http://localhost:8080/api/v1/connect"],"User-Agent":["PostmanRuntime/7.45.0"]}}
2025/08/29 16:57:27 [INFO] APP[HANDLER] [HTTP] Request started method=GET path=/api/v1/connect/ remote_addr=[::1]:57471
2025/08/29 16:57:27 [DEBUG] APP[HANDLER] [HTTP] Request details details={"remote_addr":"[::1]:57471","method":"GET","path":"/api/v1/connect/","headers":{"Accept":["text/html,application/xhtml+xml,application/xml;q=0.9,image/avif,image/webp,image/apng,*/*;q=0.8,application/signed-exchange;v=b3;q=0.7"],"Accept-Encoding":["gzip, deflate, br, zstd"],"Accept-Language":["en-US,en;q=0.9,ru;q=0.8,cs;q=0.7,de;q=0.6,nl;q=0.5,it;q=0.4"],"Connection":["keep-alive"],"Sec-Ch-Ua":["\"Opera\";v=\"120\", \"Not-A.Brand\";v=\"8\", \"Chromium\";v=\"135\""],"Sec-Ch-Ua-Mobile":["?0"],"Sec-Ch-Ua-Platform":["\"Windows\""],"Sec-Fetch-Dest":["document"],"Sec-Fetch-Mode":["navigate"],"Sec-Fetch-Site":["none"],"Sec-Fetch-User":["?1"],"Upgrade-Insecure-Requests":["1"],"User-Agent":["Mozilla/5.0 (Windows NT 10.0; Win64; x64) AppleWebKit/537.36 (KHTML, like Gecko) Chrome/135.0.0.0 Safari/537.36 OPR/120.0.0.0 (Edition Yx 05)"]}}
2025/08/29 16:57:27 [INFO] APP[HANDLER] [HTTP] Request completed status=200 latency=0s client_ip=::1
2025/08/29 16:57:34 [INFO] APP[HANDLER] [HTTP] Request started method=GET path=/api/v1/connect/ remote_addr=[::1]:57471
2025/08/29 16:57:34 [DEBUG] APP[HANDLER] [HTTP] Request details details={"remote_addr":"[::1]:57471","method":"GET","path":"/api/v1/connect/","headers":{"Accept":["text/html,application/xhtml+xml,application/xml;q=0.9,image/avif,image/webp,image/apng,*/*;q=0.8,application/signed-exchange;v=b3;q=0.7"],"Accept-Encoding":["gzip, deflate, br, zstd"],"Accept-Language":["en-US,en;q=0.9,ru;q=0.8,cs;q=0.7,de;q=0.6,nl;q=0.5,it;q=0.4"],"Connection":["keep-alive"],"Sec-Ch-Ua":["\"Opera\";v=\"120\", \"Not-A.Brand\";v=\"8\", \"Chromium\";v=\"135\""],"Sec-Ch-Ua-Mobile":["?0"],"Sec-Ch-Ua-Platform":["\"Windows\""],"Sec-Fetch-Dest":["document"],"Sec-Fetch-Mode":["navigate"],"Sec-Fetch-Site":["none"],"Sec-Fetch-User":["?1"],"Upgrade-Insecure-Requests":["1"],"User-Agent":["Mozilla/5.0 (Windows NT 10.0; Win64; x64) AppleWebKit/537.36 (KHTML, like Gecko) Chrome/135.0.0.0 Safari/537.36 OPR/120.0.0.0 (Edition Yx 05)"]}}
2025/08/29 16:57:34 [INFO] APP[HANDLER] [HTTP] Request completed status=200 latency=0s client_ip=::1
2025/08/29 16:58:08 [INFO] APPLogging system initialized
2025/08/29 16:58:08 [INFO] APP[HANDLER] Handler initialized component=GENERAL
2025/08/29 16:58:14 [INFO] APP[HANDLER] [HTTP] Request started method=POST path=/api/v1/connect/ remote_addr=[::1]:57495
2025/08/29 16:58:14 [DEBUG] APP[HANDLER] [HTTP] Request details details={"remote_addr":"[::1]:57495","method":"POST","path":"/api/v1/connect/","headers":{"Accept":["*/*"],"Accept-Encoding":["gzip, deflate, br"],"Cache-Control":["no-cache"],"Connection":["keep-alive"],"Content-Length":["3488"],"Content-Type":["application/json"],"Postman-Token":["14ece427-78eb-4bb8-95e9-e96a4ff9fb2d"],"Referer":["http://localhost:8080/api/v1/connect"],"User-Agent":["PostmanRuntime/7.45.0"]}}
2025/08/29 16:58:29 [INFO] APP[HANDLER] [HTTP] Request completed status=200 latency=14.986349s client_ip=::1
2025/08/29 16:58:33 [INFO] APP[HANDLER] [HTTP] Request started method=POST path=/api/v1/connect/ remote_addr=[::1]:57495
2025/08/29 16:58:33 [DEBUG] APP[HANDLER] [HTTP] Request details details={"remote_addr":"[::1]:57495","method":"POST","path":"/api/v1/connect/","headers":{"Accept":["*/*"],"Accept-Encoding":["gzip, deflate, br"],"Cache-Control":["no-cache"],"Connection":["keep-alive"],"Content-Length":["3488"],"Content-Type":["application/json"],"Postman-Token":["7a716b9c-c81f-4972-ae0a-09a435629fbb"],"Referer":["http://localhost:8080/api/v1/connect"],"User-Agent":["PostmanRuntime/7.45.0"]}}
2025/08/29 16:59:12 [INFO] APP[HANDLER] [HTTP] Request started method=POST path=/api/v1/connect/ remote_addr=[::1]:57495
2025/08/29 16:59:12 [DEBUG] APP[HANDLER] [HTTP] Request details details={"remote_addr":"[::1]:57495","method":"POST","path":"/api/v1/connect/","headers":{"Accept":["*/*"],"Accept-Encoding":["gzip, deflate, br"],"Cache-Control":["no-cache"],"Connection":["keep-alive"],"Content-Length":["3488"],"Content-Type":["application/json"],"Postman-Token":["982b0ea8-69a4-4fc0-8d9a-77f1311e72b5"],"Referer":["http://localhost:8080/api/v1/connect"],"User-Agent":["PostmanRuntime/7.45.0"]}}
2025/08/29 16:59:21 [INFO] APP[HANDLER] [HTTP] Request completed status=200 latency=8.6595618s client_ip=::1
2025/08/29 16:59:25 [INFO] APP[HANDLER] [HTTP] Request started method=POST path=/api/v1/connect/ remote_addr=[::1]:57495
2025/08/29 16:59:25 [DEBUG] APP[HANDLER] [HTTP] Request details details={"remote_addr":"[::1]:57495","method":"POST","path":"/api/v1/connect/","headers":{"Accept":["*/*"],"Accept-Encoding":["gzip, deflate, br"],"Cache-Control":["no-cache"],"Connection":["keep-alive"],"Content-Length":["3488"],"Content-Type":["application/json"],"Postman-Token":["96f3697d-31fb-4957-90fb-d1b89b298179"],"Referer":["http://localhost:8080/api/v1/connect"],"User-Agent":["PostmanRuntime/7.45.0"]}}
2025/08/29 17:00:14 [INFO] APPLogging system initialized
2025/08/29 17:00:14 [INFO] APP[HANDLER] Handler initialized component=GENERAL
2025/08/29 17:00:16 [INFO] APP[HANDLER] [HTTP] Request started method=POST path=/api/v1/connect/ remote_addr=[::1]:57576
2025/08/29 17:00:16 [DEBUG] APP[HANDLER] [HTTP] Request details details={"remote_addr":"[::1]:57576","method":"POST","path":"/api/v1/connect/","headers":{"Accept":["*/*"],"Accept-Encoding":["gzip, deflate, br"],"Cache-Control":["no-cache"],"Connection":["keep-alive"],"Content-Length":["3488"],"Content-Type":["application/json"],"Postman-Token":["006f7141-d5d1-43d8-840d-abb4e1417021"],"Referer":["http://localhost:8080/api/v1/connect"],"User-Agent":["PostmanRuntime/7.45.0"]}}
2025/08/29 17:00:17 [INFO] APP[HANDLER] [HTTP] Request completed status=200 latency=858.7101ms client_ip=::1
2025/08/29 17:00:19 [INFO] APP[HANDLER] [HTTP] Request started method=POST path=/api/v1/connect/ remote_addr=[::1]:57576
2025/08/29 17:00:19 [DEBUG] APP[HANDLER] [HTTP] Request details details={"remote_addr":"[::1]:57576","method":"POST","path":"/api/v1/connect/","headers":{"Accept":["*/*"],"Accept-Encoding":["gzip, deflate, br"],"Cache-Control":["no-cache"],"Connection":["keep-alive"],"Content-Length":["3488"],"Content-Type":["application/json"],"Postman-Token":["a6484561-1fc7-4640-bfa2-ca7df91168ba"],"Referer":["http://localhost:8080/api/v1/connect"],"User-Agent":["PostmanRuntime/7.45.0"]}}
2025/08/29 17:00:19 [INFO] APP[HANDLER] [HTTP] Request completed status=200 latency=298.254ms client_ip=::1
2025/08/29 17:00:20 [INFO] APP[HANDLER] [HTTP] Request started method=POST path=/api/v1/connect/ remote_addr=[::1]:57576
2025/08/29 17:00:20 [DEBUG] APP[HANDLER] [HTTP] Request details details={"remote_addr":"[::1]:57576","method":"POST","path":"/api/v1/connect/","headers":{"Accept":["*/*"],"Accept-Encoding":["gzip, deflate, br"],"Cache-Control":["no-cache"],"Connection":["keep-alive"],"Content-Length":["3488"],"Content-Type":["application/json"],"Postman-Token":["eb2dda0d-1809-4d3f-bc74-d8c739fba180"],"Referer":["http://localhost:8080/api/v1/connect"],"User-Agent":["PostmanRuntime/7.45.0"]}}
2025/08/29 17:00:20 [INFO] APP[HANDLER] [HTTP] Request completed status=200 latency=344.7312ms client_ip=::1
2025/08/29 17:00:25 [INFO] APPLogging system initialized
2025/08/29 17:00:25 [INFO] APP[HANDLER] Handler initialized component=GENERAL
2025/08/29 17:00:27 [INFO] APP[HANDLER] [HTTP] Request started method=POST path=/api/v1/connect/ remote_addr=[::1]:57592
2025/08/29 17:00:27 [DEBUG] APP[HANDLER] [HTTP] Request details details={"remote_addr":"[::1]:57592","method":"POST","path":"/api/v1/connect/","headers":{"Accept-Encoding":["gzip"],"Content-Length":["3441"],"Content-Type":["application/json"],"Referer":["http://localhost:8080/api/v1/connect"],"User-Agent":["Go-http-client/1.1"]}}
2025/08/29 17:00:27 [INFO] APP[HANDLER] [HTTP] Request completed status=200 latency=603.7027ms client_ip=::1
2025/08/29 17:00:51 [INFO] APPLogging system initialized
2025/08/29 17:00:51 [INFO] APP[HANDLER] Handler initialized component=GENERAL
2025/08/29 17:00:55 [INFO] APP[HANDLER] [HTTP] Request started method=POST path=/api/v1/connect/ remote_addr=[::1]:57610
2025/08/29 17:00:55 [DEBUG] APP[HANDLER] [HTTP] Request details details={"remote_addr":"[::1]:57610","method":"POST","path":"/api/v1/connect/","headers":{"Accept-Encoding":["gzip"],"Content-Length":["3441"],"Content-Type":["application/json"],"Referer":["http://localhost:8080/api/v1/connect"],"User-Agent":["Go-http-client/1.1"]}}
2025/08/29 17:00:56 [INFO] APP[HANDLER] [HTTP] Request completed status=200 latency=529.9997ms client_ip=::1
2025/08/29 17:02:21 [INFO] APPLogging system initialized
2025/08/29 17:02:21 [INFO] APP[HANDLER] Handler initialized component=GENERAL
2025/08/29 17:02:27 [INFO] APP[HANDLER] [HTTP] Request started method=POST path=/api/v1/connect/ remote_addr=[::1]:57662
2025/08/29 17:02:27 [DEBUG] APP[HANDLER] [HTTP] Request details details={"remote_addr":"[::1]:57662","method":"POST","path":"/api/v1/connect/","headers":{"Accept-Encoding":["gzip"],"Content-Length":["3441"],"Content-Type":["application/json"],"Referer":["http://localhost:8080/api/v1/connect"],"User-Agent":["Go-http-client/1.1"]}}
2025/08/29 17:02:38 [INFO] APP[HANDLER] [HTTP] Request completed status=200 latency=10.6057963s client_ip=::1
2025/08/29 17:04:54 [INFO] APPLogging system initialized
2025/08/29 17:04:54 [INFO] APP[HANDLER] Handler initialized component=GENERAL
2025/08/29 17:04:55 [INFO] APP[HANDLER] [HTTP] Request started method=POST path=/api/v1/connect/ remote_addr=[::1]:57852
2025/08/29 17:04:55 [DEBUG] APP[HANDLER] [HTTP] Request details details={"remote_addr":"[::1]:57852","method":"POST","path":"/api/v1/connect/","headers":{"Accept":["*/*"],"Accept-Encoding":["gzip, deflate, br"],"Cache-Control":["no-cache"],"Connection":["keep-alive"],"Content-Length":["3488"],"Content-Type":["application/json"],"Postman-Token":["ccafbd9b-9424-4b5b-a354-05d4d9045bc1"],"Referer":["http://localhost:8080/api/v1/connect"],"User-Agent":["PostmanRuntime/7.45.0"]}}
2025/08/29 17:04:56 [INFO] APP[HANDLER] [HTTP] Request completed status=200 latency=888.6495ms client_ip=::1
2025/08/29 17:04:57 [INFO] APP[HANDLER] [HTTP] Request started method=POST path=/api/v1/connect/ remote_addr=[::1]:57852
2025/08/29 17:04:57 [DEBUG] APP[HANDLER] [HTTP] Request details details={"remote_addr":"[::1]:57852","method":"POST","path":"/api/v1/connect/","headers":{"Accept":["*/*"],"Accept-Encoding":["gzip, deflate, br"],"Cache-Control":["no-cache"],"Connection":["keep-alive"],"Content-Length":["3488"],"Content-Type":["application/json"],"Postman-Token":["4656002b-d9ee-456e-8f8c-f565707e6604"],"Referer":["http://localhost:8080/api/v1/connect"],"User-Agent":["PostmanRuntime/7.45.0"]}}
2025/08/29 17:04:58 [INFO] APP[HANDLER] [HTTP] Request completed status=200 latency=479.755ms client_ip=::1
2025/08/29 17:04:59 [INFO] APP[HANDLER] [HTTP] Request started method=POST path=/api/v1/connect/ remote_addr=[::1]:57852
2025/08/29 17:04:59 [DEBUG] APP[HANDLER] [HTTP] Request details details={"remote_addr":"[::1]:57852","method":"POST","path":"/api/v1/connect/","headers":{"Accept":["*/*"],"Accept-Encoding":["gzip, deflate, br"],"Cache-Control":["no-cache"],"Connection":["keep-alive"],"Content-Length":["3488"],"Content-Type":["application/json"],"Postman-Token":["fec8de89-42df-4c34-ba9a-2337e6de3643"],"Referer":["http://localhost:8080/api/v1/connect"],"User-Agent":["PostmanRuntime/7.45.0"]}}
2025/08/29 17:04:59 [INFO] APP[HANDLER] [HTTP] Request completed status=200 latency=556.6301ms client_ip=::1
2025/08/29 17:05:03 [INFO] APP[HANDLER] [HTTP] Request started method=POST path=/api/v1/connect/ remote_addr=[::1]:57873
2025/08/29 17:05:03 [DEBUG] APP[HANDLER] [HTTP] Request details details={"remote_addr":"[::1]:57873","method":"POST","path":"/api/v1/connect/","headers":{"Accept-Encoding":["gzip"],"Content-Length":["3441"],"Content-Type":["application/json"],"Referer":["http://localhost:8080/api/v1/connect"],"User-Agent":["Go-http-client/1.1"]}}
2025/08/29 17:05:04 [INFO] APP[HANDLER] [HTTP] Request completed status=200 latency=269.7774ms client_ip=::1
